# JRE version: Java(TM) SE Runtime Environment (8.0_191-b12) (build 1.8.0_191-b12)
# Java VM: Java HotSpot(TM) 64-Bit Server VM (25.191-b12 mixed mode windows-amd64 compressed oops)
Heap:
 PSYoungGen      total 61440K, used 10531K [0x00000000eb000000, 0x00000000ef280000, 0x0000000100000000)
  eden space 54784K, 19% used [0x00000000eb000000,0x00000000eba48f10,0x00000000ee580000)
  from space 6656K, 0% used [0x00000000ee580000,0x00000000ee580000,0x00000000eec00000)
  to   space 6656K, 0% used [0x00000000eec00000,0x00000000eec00000,0x00000000ef280000)
 ParOldGen       total 31744K, used 13119K [0x00000000c1000000, 0x00000000c2f00000, 0x00000000eb000000)
  object space 31744K, 41% used [0x00000000c1000000,0x00000000c1ccfc50,0x00000000c2f00000)
 Metaspace       used 30981K, capacity 32512K, committed 32768K, reserved 1087488K
  class space    used 4180K, capacity 4493K, committed 4608K, reserved 1048576K
GC Heap History (10 events):
Event: 3.344 GC heap before
{Heap before GC invocations=9 (full 1):
 PSYoungGen      total 35328K, used 35198K [0x00000000eb000000, 0x00000000ef280000, 0x0000000100000000)
  eden space 32768K, 100% used [0x00000000eb000000,0x00000000ed000000,0x00000000ed000000)
  from space 2560K, 94% used [0x00000000ed000000,0x00000000ed25fbf0,0x00000000ed280000)
  to   space 6656K, 0% used [0x00000000eec00000,0x00000000eec00000,0x00000000ef280000)
 ParOldGen       total 31744K, used 6367K [0x00000000c1000000, 0x00000000c2f00000, 0x00000000eb000000)
  object space 31744K, 20% used [0x00000000c1000000,0x00000000c1637f10,0x00000000c2f00000)
 Metaspace       used 21527K, capacity 22188K, committed 22400K, reserved 1069056K
  class space    used 2920K, capacity 3115K, committed 3200K, reserved 1048576K
Event: 3.349 GC heap after
Heap after GC invocations=9 (full 1):
 PSYoungGen      total 61440K, used 2641K [0x00000000eb000000, 0x00000000ef280000, 0x0000000100000000)
  eden space 54784K, 0% used [0x00000000eb000000,0x00000000eb000000,0x00000000ee580000)
  from space 6656K, 39% used [0x00000000eec00000,0x00000000eee94570,0x00000000ef280000)
  to   space 6656K, 0% used [0x00000000ee580000,0x00000000ee580000,0x00000000eec00000)
 ParOldGen       total 31744K, used 6375K [0x00000000c1000000, 0x00000000c2f00000, 0x00000000eb000000)
  object space 31744K, 20% used [0x00000000c1000000,0x00000000c1639f10,0x00000000c2f00000)
 Metaspace       used 21527K, capacity 22188K, committed 22400K, reserved 1069056K
  class space    used 2920K, capacity 3115K, committed 3200K, reserved 1048576K
}
Event: 4.114 GC heap before
{Heap before GC invocations=10 (full 1):
 PSYoungGen      total 61440K, used 57425K [0x00000000eb000000, 0x00000000ef280000, 0x0000000100000000)
  eden space 54784K, 100% used [0x00000000eb000000,0x00000000ee580000,0x00000000ee580000)
  from space 6656K, 39% used [0x00000000eec00000,0x00000000eee94570,0x00000000ef280000)
  to   space 6656K, 0% used [0x00000000ee580000,0x00000000ee580000,0x00000000eec00000)
 ParOldGen       total 31744K, used 6375K [0x00000000c1000000, 0x00000000c2f00000, 0x00000000eb000000)
  object space 31744K, 20% used [0x00000000c1000000,0x00000000c1639f10,0x00000000c2f00000)
 Metaspace       used 25416K, capacity 26498K, committed 26624K, reserved 1073152K
  class space    used 3508K, capacity 3750K, committed 3840K, reserved 1048576K
Event: 4.127 GC heap after
Heap after GC invocations=10 (full 1):
 PSYoungGen      total 61440K, used 6626K [0x00000000eb000000, 0x00000000ef280000, 0x0000000100000000)
  eden space 54784K, 0% used [0x00000000eb000000,0x00000000eb000000,0x00000000ee580000)
  from space 6656K, 99% used [0x00000000ee580000,0x00000000eebf8a00,0x00000000eec00000)
  to   space 6656K, 0% used [0x00000000eec00000,0x00000000eec00000,0x00000000ef280000)
 ParOldGen       total 31744K, used 7916K [0x00000000c1000000, 0x00000000c2f00000, 0x00000000eb000000)
  object space 31744K, 24% used [0x00000000c1000000,0x00000000c17bb040,0x00000000c2f00000)
 Metaspace       used 25416K, capacity 26498K, committed 26624K, reserved 1073152K
  class space    used 3508K, capacity 3750K, committed 3840K, reserved 1048576K
}
Event: 28.397 GC heap before
{Heap before GC invocations=11 (full 1):
 PSYoungGen      total 61440K, used 61353K [0x00000000eb000000, 0x00000000ef280000, 0x0000000100000000)
  eden space 54784K, 99% used [0x00000000eb000000,0x00000000ee571be0,0x00000000ee580000)
  from space 6656K, 99% used [0x00000000ee580000,0x00000000eebf8a00,0x00000000eec00000)
  to   space 6656K, 0% used [0x00000000eec00000,0x00000000eec00000,0x00000000ef280000)
 ParOldGen       total 31744K, used 7916K [0x00000000c1000000, 0x00000000c2f00000, 0x00000000eb000000)
  object space 31744K, 24% used [0x00000000c1000000,0x00000000c17bb040,0x00000000c2f00000)
 Metaspace       used 28268K, capacity 29694K, committed 29824K, reserved 1075200K
  class space    used 3863K, capacity 4154K, committed 4224K, reserved 1048576K
Event: 28.417 GC heap after
Heap after GC invocations=11 (full 1):
 PSYoungGen      total 61440K, used 6649K [0x00000000eb000000, 0x00000000ef280000, 0x0000000100000000)
  eden space 54784K, 0% used [0x00000000eb000000,0x00000000eb000000,0x00000000ee580000)
  from space 6656K, 99% used [0x00000000eec00000,0x00000000ef27e5e8,0x00000000ef280000)
  to   space 6656K, 0% used [0x00000000ee580000,0x00000000ee580000,0x00000000eec00000)
 ParOldGen       total 31744K, used 10411K [0x00000000c1000000, 0x00000000c2f00000, 0x00000000eb000000)
  object space 31744K, 32% used [0x00000000c1000000,0x00000000c1a2ae98,0x00000000c2f00000)
 Metaspace       used 28268K, capacity 29694K, committed 29824K, reserved 1075200K
  class space    used 3863K, capacity 4154K, committed 4224K, reserved 1048576K
}
Event: 44.274 GC heap before
{Heap before GC invocations=12 (full 1):
 PSYoungGen      total 61440K, used 33323K [0x00000000eb000000, 0x00000000ef280000, 0x0000000100000000)
  eden space 54784K, 48% used [0x00000000eb000000,0x00000000eca0c6f0,0x00000000ee580000)
  from space 6656K, 99% used [0x00000000eec00000,0x00000000ef27e5e8,0x00000000ef280000)
  to   space 6656K, 0% used [0x00000000ee580000,0x00000000ee580000,0x00000000eec00000)
 ParOldGen       total 31744K, used 10411K [0x00000000c1000000, 0x00000000c2f00000, 0x00000000eb000000)
  object space 31744K, 32% used [0x00000000c1000000,0x00000000c1a2ae98,0x00000000c2f00000)
 Metaspace       used 29450K, capacity 30972K, committed 30976K, reserved 1079296K
  class space    used 4032K, capacity 4351K, committed 4352K, reserved 1048576K
Event: 44.297 GC heap after
Heap after GC invocations=12 (full 1):
 PSYoungGen      total 61440K, used 1858K [0x00000000eb000000, 0x00000000ef280000, 0x0000000100000000)
  eden space 54784K, 0% used [0x00000000eb000000,0x00000000eb000000,0x00000000ee580000)
  from space 6656K, 27% used [0x00000000ee580000,0x00000000ee750b18,0x00000000eec00000)
  to   space 6656K, 0% used [0x00000000eec00000,0x00000000eec00000,0x00000000ef280000)
 ParOldGen       total 31744K, used 15168K [0x00000000c1000000, 0x00000000c2f00000, 0x00000000eb000000)
  object space 31744K, 47% used [0x00000000c1000000,0x00000000c1ed0280,0x00000000c2f00000)
 Metaspace       used 29450K, capacity 30972K, committed 30976K, reserved 1079296K
  class space    used 4032K, capacity 4351K, committed 4352K, reserved 1048576K
}
Event: 44.297 GC heap before
{Heap before GC invocations=13 (full 2):
 PSYoungGen      total 61440K, used 1858K [0x00000000eb000000, 0x00000000ef280000, 0x0000000100000000)
  eden space 54784K, 0% used [0x00000000eb000000,0x00000000eb000000,0x00000000ee580000)
  from space 6656K, 27% used [0x00000000ee580000,0x00000000ee750b18,0x00000000eec00000)
  to   space 6656K, 0% used [0x00000000eec00000,0x00000000eec00000,0x00000000ef280000)
 ParOldGen       total 31744K, used 15168K [0x00000000c1000000, 0x00000000c2f00000, 0x00000000eb000000)
  object space 31744K, 47% used [0x00000000c1000000,0x00000000c1ed0280,0x00000000c2f00000)
 Metaspace       used 29450K, capacity 30972K, committed 30976K, reserved 1079296K
  class space    used 4032K, capacity 4351K, committed 4352K, reserved 1048576K
Event: 44.418 GC heap after
Heap after GC invocations=13 (full 2):
 PSYoungGen      total 61440K, used 0K [0x00000000eb000000, 0x00000000ef280000, 0x0000000100000000)
  eden space 54784K, 0% used [0x00000000eb000000,0x00000000eb000000,0x00000000ee580000)
  from space 6656K, 0% used [0x00000000ee580000,0x00000000ee580000,0x00000000eec00000)
  to   space 6656K, 0% used [0x00000000eec00000,0x00000000eec00000,0x00000000ef280000)
 ParOldGen       total 31744K, used 13119K [0x00000000c1000000, 0x00000000c2f00000, 0x00000000eb000000)
  object space 31744K, 41% used [0x00000000c1000000,0x00000000c1ccfc50,0x00000000c2f00000)
 Metaspace       used 29450K, capacity 30972K, committed 30976K, reserved 1077248K
  class space    used 4032K, capacity 4351K, committed 4352K, reserved 1048576K
}

